{"D:\\playground\\gerald\\src\\App - Copy.js": {"path":"D:\\playground\\gerald\\src\\App - Copy.js","statementMap":{"0":{"start":{"line":11,"column":4},"end":{"line":205,"column":6}}},"fnMap":{"0":{"name":"(anonymous_0)","decl":{"start":{"line":10,"column":2},"end":{"line":10,"column":3}},"loc":{"start":{"line":10,"column":11},"end":{"line":206,"column":3}},"line":10}},"branchMap":{},"s":{"0":0},"f":{"0":0},"b":{},"hash":"b951b4a7f4bdf06ff9e3824bbcbb0d28e3cc0f2f"}
,"D:\\playground\\gerald\\src\\App.js": {"path":"D:\\playground\\gerald\\src\\App.js","statementMap":{"0":{"start":{"line":11,"column":4},"end":{"line":21,"column":6}}},"fnMap":{"0":{"name":"(anonymous_0)","decl":{"start":{"line":10,"column":2},"end":{"line":10,"column":3}},"loc":{"start":{"line":10,"column":11},"end":{"line":22,"column":3}},"line":10}},"branchMap":{},"s":{"0":2},"f":{"0":2},"b":{},"_coverageSchema":"43e27e138ebf9cfc5966b082cf9a028302ed4184","hash":"1f0a381699db8be9f45efcf589acd9a6e23065b6"}
,"D:\\playground\\gerald\\src\\index.js": {"path":"D:\\playground\\gerald\\src\\index.js","statementMap":{"0":{"start":{"line":8,"column":0},"end":{"line":8,"column":58}},"1":{"start":{"line":13,"column":0},"end":{"line":13,"column":27}}},"fnMap":{},"branchMap":{},"s":{"0":0,"1":0},"f":{},"b":{},"hash":"55bfb70dc4df2556e161155bf7d68d32bfd492e6"}
,"D:\\playground\\gerald\\src\\components\\Cart.js": {"path":"D:\\playground\\gerald\\src\\components\\Cart.js","statementMap":{"0":{"start":{"line":6,"column":13},"end":{"line":102,"column":1}},"1":{"start":{"line":7,"column":4},"end":{"line":101,"column":5}}},"fnMap":{"0":{"name":"(anonymous_0)","decl":{"start":{"line":6,"column":13},"end":{"line":6,"column":14}},"loc":{"start":{"line":6,"column":19},"end":{"line":102,"column":1}},"line":6}},"branchMap":{},"s":{"0":1,"1":0},"f":{"0":0},"b":{},"_coverageSchema":"43e27e138ebf9cfc5966b082cf9a028302ed4184","hash":"a992a46ef84335b5e725c8b7cad0d58240e7bf4f"}
,"D:\\playground\\gerald\\src\\components\\Dashboard.js": {"path":"D:\\playground\\gerald\\src\\components\\Dashboard.js","statementMap":{"0":{"start":{"line":7,"column":18},"end":{"line":135,"column":1}},"1":{"start":{"line":8,"column":4},"end":{"line":134,"column":5}}},"fnMap":{"0":{"name":"(anonymous_0)","decl":{"start":{"line":7,"column":18},"end":{"line":7,"column":19}},"loc":{"start":{"line":7,"column":24},"end":{"line":135,"column":1}},"line":7}},"branchMap":{},"s":{"0":1,"1":0},"f":{"0":0},"b":{},"_coverageSchema":"43e27e138ebf9cfc5966b082cf9a028302ed4184","hash":"8e951570dd9583c3e6ffc9d43cc2b25443366e82"}
,"D:\\playground\\gerald\\src\\components\\Footer.js": {"path":"D:\\playground\\gerald\\src\\components\\Footer.js","statementMap":{"0":{"start":{"line":3,"column":15},"end":{"line":11,"column":1}},"1":{"start":{"line":4,"column":4},"end":{"line":10,"column":5}}},"fnMap":{"0":{"name":"(anonymous_0)","decl":{"start":{"line":3,"column":15},"end":{"line":3,"column":16}},"loc":{"start":{"line":3,"column":21},"end":{"line":11,"column":1}},"line":3}},"branchMap":{},"s":{"0":1,"1":0},"f":{"0":0},"b":{},"_coverageSchema":"43e27e138ebf9cfc5966b082cf9a028302ed4184","hash":"01927dfe9c31d87cf540740854a1a8c3e84be67d"}
,"D:\\playground\\gerald\\src\\components\\Header.js": {"path":"D:\\playground\\gerald\\src\\components\\Header.js","statementMap":{"0":{"start":{"line":3,"column":15},"end":{"line":34,"column":1}},"1":{"start":{"line":4,"column":4},"end":{"line":33,"column":5}}},"fnMap":{"0":{"name":"(anonymous_0)","decl":{"start":{"line":3,"column":15},"end":{"line":3,"column":16}},"loc":{"start":{"line":3,"column":21},"end":{"line":34,"column":1}},"line":3}},"branchMap":{},"s":{"0":1,"1":0},"f":{"0":0},"b":{},"_coverageSchema":"43e27e138ebf9cfc5966b082cf9a028302ed4184","hash":"564ce0e3ba838b5122fc1dfb10011833a1bce3a1"}
,"D:\\playground\\gerald\\src\\components\\Home.js": {"path":"D:\\playground\\gerald\\src\\components\\Home.js","statementMap":{"0":{"start":{"line":7,"column":13},"end":{"line":94,"column":1}},"1":{"start":{"line":8,"column":4},"end":{"line":93,"column":5}}},"fnMap":{"0":{"name":"(anonymous_0)","decl":{"start":{"line":7,"column":13},"end":{"line":7,"column":14}},"loc":{"start":{"line":7,"column":19},"end":{"line":94,"column":1}},"line":7}},"branchMap":{},"s":{"0":1,"1":0},"f":{"0":0},"b":{},"_coverageSchema":"43e27e138ebf9cfc5966b082cf9a028302ed4184","hash":"05a81c1571d4b7fa92cd4c6d099e195606075e1b"}
,"D:\\playground\\gerald\\src\\components\\Sidebar.js": {"path":"D:\\playground\\gerald\\src\\components\\Sidebar.js","statementMap":{"0":{"start":{"line":4,"column":16},"end":{"line":51,"column":1}},"1":{"start":{"line":5,"column":4},"end":{"line":50,"column":5}}},"fnMap":{"0":{"name":"(anonymous_0)","decl":{"start":{"line":4,"column":16},"end":{"line":4,"column":17}},"loc":{"start":{"line":4,"column":22},"end":{"line":51,"column":1}},"line":4}},"branchMap":{},"s":{"0":1,"1":0},"f":{"0":0},"b":{},"_coverageSchema":"43e27e138ebf9cfc5966b082cf9a028302ed4184","hash":"a69fb1837deaeef6c018326dbc36f581d60aeed2"}
}
